
      [35mresponseTime[39m: 3
  [18:54:49.557] [31mERROR[39m 
(60): [36mCannot read properties of 
undefined (reading 'items')[39m
      [35mreq[39m: {
        "id": 366,
        "method": "POST",
>       "url": "/orders/checkout",
        "query": {},
        "params": {
          "path": [
            "orders",
>           "checkout"
          ]
        },
        "headers": {
          "host": "localhost:3010",
          "connection": "keep-alive",
          "content-length": "309",
          "sec-ch-ua-platform": 
"\"Windows\"",
          "authorization": 
"[Redacted]",
          "user-agent": "Mozilla/5.0 
(Windows NT 10.0; Win64; x64) 
AppleWebKit/537.36 (KHTML, like 
Gecko) Chrome/145.0.0.0 
Safari/537.36",
          "sec-ch-ua": 
"\"Not:A-Brand\";v=\"99\", \"Google 
Chrome\";v=\"145\", 
\"Chromium\";v=\"145\"",
          "content-type": 
"text/plain;charset=UTF-8",
          "sec-ch-ua-mobile": "?0",
          "accept": "*/*",
          "origin": 
"http://localhost:3000",
          "sec-fetch-site": 
"same-site",
          "sec-fetch-mode": "cors",
          "sec-fetch-dest": "empty",
          "referer": 
"http://localhost:3000/",
          "accept-encoding": "gzip, 
deflate, br, zstd",
          "accept-language": 
"pt-BR,pt;q=0.9,en-US;q=0.8,en;q=0.7"
      err: {
        "type": "TypeError",
        "message": "Cannot read 
properties of undefined (reading 
'items')",
        "stack":
            TypeError: Cannot read 
properties of undefined (reading 
'items')
>               at 
OrdersController.checkout (/app/dist/
apps/api-gateway/main.js:610:28)
                at /app/node_modules/
@nestjs/core/router/router-execution-
context.js:38:29
                at 
process.processTicksAndRejections (no
de:internal/process/task_queues:95:5)
      }
  [18:54:49.560] [32mINFO[39m 
(60): [36mrequest errored[39m
      [35mreq[39m: {
        "id": 366,
        "method": "POST",
>       "url": "/orders/checkout",
        "query": {},
        "params": {
          "path": [
            "orders",
>           "checkout"
          ]
        },
        "headers": {
          "host": "localhost:3010",
          "connection": "keep-alive",
          "content-length": "309",
          "sec-ch-ua-platform": 
"\"Windows\"",
          "authorization": 
"[Redacted]",
          "user-agent": "Mozilla/5.0 
(Windows NT 10.0; Win64; x64) 
AppleWebKit/537.36 (KHTML, like 
Gecko) Chrome/145.0.0.0 
Safari/537.36",
          "sec-ch-ua": 
"\"Not:A-Brand\";v=\"99\", \"Google 
Chrome\";v=\"145\", 
\"Chromium\";v=\"145\"",
          "content-type": 
"text/plain;charset=UTF-8",
          "sec-ch-ua-mobile": "?0",
          "accept": "*/*",
          "origin": 
"http://localhost:3000",
          "sec-fetch-site": 
"same-site",
          "sec-fetch-mode": "cors",
          "sec-fetch-dest": "empty",
          "referer": 
"http://localhost:3000/",
          "accept-encoding": "gzip, 
deflate, br, zstd",
          "accept-language": 
"pt-BR,pt;q=0.9,en-US;q=0.8,en;q=0.7"


