      "url": "/health",
      "query": {},
      "params": {
        "path": [
          "health"
        ]
      },
      "headers": {
        "host": "127.0.0.1:3000",
        "user-agent": "Wget",
        "accept": "*/*",
        "connection": "close"
      },
      "remoteAddress": "127.0.0.1",
      "remotePort": 50166
    }
    [35mservice[39m: "api-gateway"
    [35mres[39m: {
      "statusCode": 200,
      "headers": {
        "content-security-policy": "default-src 'self';base-uri 'self';font-src 'self' https: data:;form-action 'self';frame-ancestors 'self';img-src 'self' data:;object-src 'none';script-src 'self';script-src-attr 'none';style-src 'self' https: 'unsafe-inline';upgrade-insecure-requests",
        "cross-origin-opener-policy": "same-origin",
        "cross-origin-resource-policy": "same-origin",
        "origin-agent-cluster": "?1",
        "referrer-policy": "no-referrer",
        "strict-transport-security": "max-age=31536000; includeSubDomains",
        "x-content-type-options": "nosniff",
        "x-dns-prefetch-control": "off",
        "x-download-options": "noopen",
        "x-frame-options": "SAMEORIGIN",
        "x-permitted-cross-domain-policies": "none",
        "x-xss-protection": "0",
        "vary": "Origin",
        "access-control-allow-credentials": "true",
        "x-correlation-id": "af498937-9977-4bf6-ab98-059bd1da943a",
        "x-ratelimit-limit-short": "10",
        "x-ratelimit-remaining-short": "9",
        "x-ratelimit-reset-short": "1",
        "x-ratelimit-limit-medium": "100",
        "x-ratelimit-remaining-medium": "94",
        "x-ratelimit-reset-medium": "10",
        "cache-control": "no-cache, no-store, must-revalidate",
        "content-type": "application/json; charset=utf-8",
        "content-length": "49",
        "etag": "W/\"31-dxKeoZI+mvmnahNSR0ys2MInE1I\""
      }
    }
    [35mresponseTime[39m: 3
[18:49:27.451] [32mINFO[39m (60): [36mrequest completed[39m
    [35mreq[39m: {
      "id": 332,
      "method": "GET",
      "url": "/health",
      "query": {},
      "params": {
        "path": [
          "health"
        ]
      },
      "headers": {
        "host": "127.0.0.1:3000",
        "user-agent": "Wget",
        "accept": "*/*",
        "connection": "close"
      },
      "remoteAddress": "127.0.0.1",
      "remotePort": 48106
    }
    [35mservice[39m: "api-gateway"
    [35mres[39m: {
      "statusCode": 200,
      "headers": {
        "content-security-policy": "default-src 'self';base-uri 'self';font-src 'self' https: data:;form-action 'self';frame-ancestors 'self';img-src 'self' data:;object-src 'none';script-src 'self';script-src-attr 'none';style-src 'self' https: 'unsafe-inline';upgrade-insecure-requests",
        "cross-origin-opener-policy": "same-origin",
        "cross-origin-resource-policy": "same-origin",
        "origin-agent-cluster": "?1",
        "referrer-policy": "no-referrer",
        "strict-transport-security": "max-age=31536000; includeSubDomains",
        "x-content-type-options": "nosniff",
        "x-dns-prefetch-control": "off",
        "x-download-options": "noopen",
        "x-frame-options": "SAMEORIGIN",
        "x-permitted-cross-domain-policies": "none",
        "x-xss-protection": "0",
        "vary": "Origin",
        "access-control-allow-credentials": "true",
        "x-correlation-id": "2a210a5f-148b-4852-b277-af6069661f18",
        "x-ratelimit-limit-short": "10",
        "x-ratelimit-remaining-short": "9",
        "x-ratelimit-reset-short": "1",
        "x-ratelimit-limit-medium": "100",
        "x-ratelimit-remaining-medium": "94",
        "x-ratelimit-reset-medium": "60",
        "cache-control": "no-cache, no-store, must-revalidate",
        "content-type": "application/json; charset=utf-8",
        "content-length": "49",
        "etag": "W/\"31-dxKeoZI+mvmnahNSR0ys2MInE1I\""
      }
    }
    [35mresponseTime[39m: 4
