
        }
      }
      [35mresponseTime[39m: 3
> [19:07:15.096] [31mERROR[39m 
(60): [36mCannot read properties of 
undefined (reading 'items')[39m
      [35mreq[39m: {
        "id": 454,
        "method": "POST",
>       "url": "/orders/checkout",
        "query": {},
        "params": {
          "path": [
            "orders",
>           "checkout"
          ]
        },
        "headers": {
          "host": "localhost:3010",
          "connection": "keep-alive",
          "content-length": "309",
          "sec-ch-ua-platform": 
"\"Windows\"",
          "authorization": 
"[Redacted]",
          "user-agent": "Mozilla/5.0 
(Windows NT 10.0; Win64; x64) 
AppleWebKit/537.36 (KHTML, like 
Gecko) Chrome/145.0.0.0 
Safari/537.36",
          "sec-ch-ua": 
"\"Not:A-Brand\";v=\"99\", \"Google 
Chrome\";v=\"145\", 
\"Chromium\";v=\"145\"",
          "content-type": 
"text/plain;charset=UTF-8",
          "sec-ch-ua-mobile": "?0",
          "accept": "*/*",
          "origin": 
"http://localhost:3000",
          "sec-fetch-site": 
"same-site",
          "sec-fetch-mode": "cors",
          "sec-fetch-dest": "empty",
          "referer": 
"http://localhost:3000/",
          "accept-encoding": "gzip, 
deflate, br, zstd",
          "accept-language": 
"pt-BR,pt;q=0.9,en-US;q=0.8,en;q=0.7"
        "remotePort": 51424
      }
      [35mservice[39m: 
"api-gateway"
>     [35mcontext[39m: 
"ExceptionsHandler"
      err: {
>       "type": "TypeError",
        "message": "Cannot read 
properties of undefined (reading 
'items')",
        "stack":
>           TypeError: Cannot read 
properties of undefined (reading 
'items')
>               at 
OrdersController.checkout (/app/dist/
apps/api-gateway/main.js:610:28)
                at /app/node_modules/
@nestjs/core/router/router-execution-
context.js:38:29
                at 
process.processTicksAndRejections (no
de:internal/process/task_queues:95:5)
      }
> [19:07:15.103] [32mINFO[39m 
(60): [36mrequest errored[39m
      [35mreq[39m: {
        "id": 454,
        "method": "POST",
>       "url": "/orders/checkout",
        "query": {},
        "params": {
          "path": [
            "orders",
>           "checkout"
          ]
        },
        "headers": {
          "host": "localhost:3010",
          "connection": "keep-alive",
          "content-length": "309",
          "sec-ch-ua-platform": 
"\"Windows\"",
          "authorization": 
"[Redacted]",
          "user-agent": "Mozilla/5.0 
(Windows NT 10.0; Win64; x64) 
AppleWebKit/537.36 (KHTML, like 
Gecko) Chrome/145.0.0.0 
Safari/537.36",
          "sec-ch-ua": 
"\"Not:A-Brand\";v=\"99\", \"Google 
Chrome\";v=\"145\", 
\"Chromium\";v=\"145\"",
          "content-type": 
"text/plain;charset=UTF-8",
          "sec-ch-ua-mobile": "?0",
          "accept": "*/*",
          "origin": 
"http://localhost:3000",
          "sec-fetch-site": 
"same-site",
          "sec-fetch-mode": "cors",
          "sec-fetch-dest": "empty",
          "referer": 
"http://localhost:3000/",
          "accept-encoding": "gzip, 
deflate, br, zstd",
          "accept-language": 
"pt-BR,pt;q=0.9,en-US;q=0.8,en;q=0.7"
      }
      [35mresponseTime[39m: 27
      err: {
>       "type": "Error",
        "message": "failed with 
status code 500",
        "stack":
>           Error: failed with 
status code 500
                at onResFinished (/ap
p/node_modules/pino-http/logger.js:11
5:39)
                at 
ServerResponse.onResponseComplete (/a
pp/node_modules/pino-http/logger.js:1
78:14)
                at 
ServerResponse.emit 
(node:events:536:35)
                at onFinish 
(node:_http_outgoing:1031:10)
                at callback (node:int
ernal/streams/writable:766:21)
                at afterWrite (node:i
nternal/streams/writable:710:5)
                at afterWriteTick (no
de:internal/streams/writable:696:10)
                at 
process.processTicksAndRejections (no
de:internal/process/task_queues:81:21
)
      }
  [19:07:37.180] [32mINFO[39m 
(60): [36mrequest completed[39m
      [35mreq[39m: {
        "id": 455,
        "method": "GET",
        "url": "/health",
        "query": {},
        "params": {
          "path": [
            "health"
          ]
        },
        }
      }
      [35mresponseTime[39m: 2
> [19:08:26.953] [31mERROR[39m 
(60): [36mCannot read properties of 
undefined (reading 'items')[39m
      [35mreq[39m: {
        "id": 466,
        "method": "POST",
>       "url": "/orders/checkout",
        "query": {},
        "params": {
          "path": [
            "orders",
>           "checkout"
          ]
        },
        "headers": {
          "host": "localhost:3010",
          "connection": "keep-alive",
          "content-length": "300",
          "sec-ch-ua-platform": 
"\"Windows\"",
          "authorization": 
"[Redacted]",
          "user-agent": "Mozilla/5.0 
(Windows NT 10.0; Win64; x64) 
AppleWebKit/537.36 (KHTML, like 
Gecko) Chrome/145.0.0.0 
Safari/537.36",
          "sec-ch-ua": 
"\"Not:A-Brand\";v=\"99\", \"Google 
Chrome\";v=\"145\", 
\"Chromium\";v=\"145\"",
          "content-type": 
"text/plain;charset=UTF-8",
          "sec-ch-ua-mobile": "?0",
          "accept": "*/*",
          "origin": 
"http://localhost:3000",
          "sec-fetch-site": 
"same-site",
          "sec-fetch-mode": "cors",
          "sec-fetch-dest": "empty",
          "referer": 
"http://localhost:3000/",
          "accept-encoding": "gzip, 
deflate, br, zstd",
          "accept-language": 
"pt-BR,pt;q=0.9,en-US;q=0.8,en;q=0.7"
        "remotePort": 35368
      }
      [35mservice[39m: 
"api-gateway"
>     [35mcontext[39m: 
"ExceptionsHandler"
      err: {
>       "type": "TypeError",
        "message": "Cannot read 
properties of undefined (reading 
'items')",
        "stack":
>           TypeError: Cannot read 
properties of undefined (reading 
'items')
>               at 
OrdersController.checkout (/app/dist/
apps/api-gateway/main.js:610:28)
                at /app/node_modules/
@nestjs/core/router/router-execution-
context.js:38:29
                at 
process.processTicksAndRejections (no
de:internal/process/task_queues:95:5)
      }
> [19:08:26.955] [32mINFO[39m 
(60): [36mrequest errored[39m
      [35mreq[39m: {
        "id": 466,
        "method": "POST",
>       "url": "/orders/checkout",
        "query": {},
        "params": {
          "path": [
            "orders",
>           "checkout"
          ]
        },
        "headers": {
          "host": "localhost:3010",
          "connection": "keep-alive",
          "content-length": "300",
          "sec-ch-ua-platform": 
"\"Windows\"",
          "authorization": 
"[Redacted]",
          "user-agent": "Mozilla/5.0 
(Windows NT 10.0; Win64; x64) 
AppleWebKit/537.36 (KHTML, like 
Gecko) Chrome/145.0.0.0 
Safari/537.36",
          "sec-ch-ua": 
"\"Not:A-Brand\";v=\"99\", \"Google 
Chrome\";v=\"145\", 
\"Chromium\";v=\"145\"",
          "content-type": 
"text/plain;charset=UTF-8",
          "sec-ch-ua-mobile": "?0",
          "accept": "*/*",
          "origin": 
"http://localhost:3000",
          "sec-fetch-site": 
"same-site",
          "sec-fetch-mode": "cors",
          "sec-fetch-dest": "empty",
          "referer": 
"http://localhost:3000/",
          "accept-encoding": "gzip, 
deflate, br, zstd",
          "accept-language": 
"pt-BR,pt;q=0.9,en-US;q=0.8,en;q=0.7"
      }
      [35mresponseTime[39m: 23
      err: {
>       "type": "Error",
        "message": "failed with 
status code 500",
        "stack":
>           Error: failed with 
status code 500
                at onResFinished (/ap
p/node_modules/pino-http/logger.js:11
5:39)
                at 
ServerResponse.onResponseComplete (/a
pp/node_modules/pino-http/logger.js:1
78:14)
                at 
ServerResponse.emit 
(node:events:536:35)
                at onFinish 
(node:_http_outgoing:1031:10)
                at callback (node:int
ernal/streams/writable:766:21)
                at afterWrite (node:i
nternal/streams/writable:710:5)
                at afterWriteTick (no
de:internal/streams/writable:696:10)
                at 
process.processTicksAndRejections (no
de:internal/process/task_queues:81:21
)
      }
  [19:08:31.098] [32mINFO[39m 
(60): [36mrequest completed[39m
      [35mreq[39m: {
        "id": 467,
        "method": "GET",
        "url": "/health",
        "query": {},
        "params": {
          "path": [
            "health"
          ]
        },


